    2    0.005273
  111    0.020216
  506    0.151238
   49    0.010451
   69    0.015006
    2    0.005029
   61    0.011958
  181    0.037410
 4416    7.441757
   19    0.006848
  126    0.022665
  181    0.037379
    2    0.005265
  137    0.027967
    4    0.005083
 4375    7.224643
    8    0.005764
 4576    7.885649
    2    0.005320
   12    0.006129
    2    0.005161
   65    0.012760
    8    0.005541
   70    0.014516
   43    0.009557
    3    0.005179
   98    0.019744
    6    0.005292
 4227    6.834737
  124    0.024482
  706    0.176668
   68    0.013862
    3    0.005053
    5    0.005412
    8    0.005706
   11    0.005829
   30    0.008458
    2    0.005549
    9    0.005657
 3272    3.436201
    3    0.005470
   20    0.006974
    5    0.005374
   11    0.005808
    3    0.005483
  446    0.125583
    2    0.005368
   16    0.006540
    6    0.005334
   26    0.007406
    6    0.005354
   68    0.013694
  104    0.020638
    2    0.005632
    2    0.005064
   44    0.010256
    2    0.005337
   88    0.018198
    2    0.005086
    3    0.005522
    4    0.005216
   18    0.006515
   45    0.010362
    2    0.005243
   20    0.007035
    2    0.005081
   16    0.006476
    7    0.005470
  186    0.037695
    3    0.005510
  100    0.019570
    2    0.005120
  179    0.037151
   97    0.019106
  215    0.046135
    4    0.005246
  108    0.021357
   14    0.005926
    4    0.005268
    2    0.005167
   22    0.007171
    4    0.005208
    6    0.005325
 4469    7.480274
  245    0.054409
    6    0.005334
    2    0.005029
  191    0.040119
    2    0.005119
    3    0.005241
    4    0.005412
    7    0.005530
   15    0.006142
   11    0.005926
   45    0.009811
   13    0.005854
    4    0.005233
  146    0.030598
   49    0.010821
    2    0.005098
    5    0.005852
    3    0.005400
  126    0.024986
    2    0.005161
   84    0.016901
    4    0.005175
    3    0.005542
    2    0.005028
    2    0.005109
  261    0.056941
    3    0.005020
   25    0.007604
   91    0.018105
    3    0.005358
    2    0.005039
  100    0.019895
    5    0.005539
    6    0.005495
    3    0.005095
   15    0.006482
    4    0.005196
    2    0.005317
    2    0.005215
    2    0.005050
  247    0.055790
    4    0.005470
  133    0.026588
   88    0.018120
    2    0.005329
    2    0.005130
  208    0.045275
   51    0.011310
    2    0.005576
  190    0.040407
    2    0.005278
    2    0.005314
  200    0.041718
    2    0.005188
  184    0.038753
    5    0.005540
  184    0.039424
    3    0.005285
    2    0.005087
    6    0.005474
    3    0.005452
    2    0.005231
    4    0.005381
   96    0.019130
    2    0.005047
   31    0.008281
    3    0.005362
    3    0.005360
  177    0.036901
  717    0.176997
    3    0.005429
  364    0.093120
    7    0.005511
    2    0.005053
    7    0.005664
    3    0.005503
    2    0.005091
    3    0.005072
  173    0.035375
    5    0.005431
    5    0.005183
    2    0.005149
    4    0.005243
    2    0.005199
    2    0.005191
    8    0.005660
    7    0.005508
    7    0.005389
   10    0.006108
  231    0.050872
    6    0.005306
    2    0.005484
    3    0.005345
    5    0.005513
    4    0.005097
    4    0.005538
    6    0.005856
    9    0.005678
    5    0.005201
    8    0.005717
    2    0.005058
  241    0.053687
   10    0.005788
    2    0.005421
   21    0.006890
    2    0.005307
    2    0.005112
    2    0.005119
    2    0.005548
    7    0.005975
    4    0.004989
    4    0.005447
    8    0.005398
    2    0.005074
    3    0.005081
    6    0.005466
  102    0.019207
    3    0.005303
   10    0.005703
    2    0.005050
    6    0.005430
   43    0.009546
    4    0.005224
    3    0.005204
    2    0.005040
   21    0.006980
    2    0.005218
    2    0.005143
  124    0.025483
    3    0.005359
    3    0.005349
    2    0.005144
  127    0.025082
    2    0.005184
  211    0.043856
    2    0.005228
    7    0.005448
   51    0.011301
    4    0.005256
   27    0.007815
    3    0.005061
   24    0.007613
    4    0.005369
   11    0.005898
    3    0.005030
  239    0.051880
    4    0.005506
   29    0.007950
    4    0.005241
    8    0.005572
    2    0.005195
    6    0.005355
    9    0.005712
   11    0.006179
    2    0.005317
    2    0.005046
   21    0.007135
    2    0.005375
    9    0.005518
  308    0.074938
    2    0.005175
   12    0.006035
    6    0.005359
   10    0.005851
    6    0.005521
    2    0.005181
    5    0.005450
  271    0.063398
    5    0.005493
   39    0.009195
    2    0.005072
    2    0.005298
    8    0.005859
    5    0.005563
    5    0.005613
    3    0.005171
    5    0.005456
   36    0.008875
    6    0.005588
    9    0.005619
    2    0.005234
  501    0.146690
    6    0.005242
   11    0.005884
    2    0.005007
    7    0.005476
   63    0.013223
   14    0.006038
    4    0.005260
    8    0.005754
   10    0.005826
    3    0.005016
    2    0.005180
    5    0.005495
   74    0.015087
    2    0.005001
   24    0.007271
  313    0.073956
    5    0.005386
    2    0.005217
    4    0.005413
    3    0.005169
   11    0.005937
  105    0.021069
    6    0.005508
    8    0.005932
    4    0.005310
    2    0.005002
    2    0.005327
    8    0.005488
    2    0.005345
    4    0.005548
    3    0.005138
  101    0.019792
    4    0.005603
    4    0.005127
   87    0.017651
  136    0.026860
    7    0.005805
    2    0.005156
    3    0.005344
    3    0.005168
    4    0.006116
    3    0.005248
    6    0.005508
    6    0.005306
    2    0.005206
    2    0.004986
    9    0.005538
    2    0.005168
   33    0.008305
    2    0.005023
    2    0.005449
   11    0.006006
    2    0.005106
    6    0.005577
    2    0.005275
    2    0.005127
    3    0.005194
    3    0.005271
    5    0.005268
    3    0.005012
  173    0.036953
   32    0.008603
    3    0.005329
   68    0.013869
    2    0.005200
    3    0.005201
   43    0.010348
    3    0.005391
    3    0.005076
  165    0.034148
    9    0.005419
  382    0.101432
    5    0.005288
   91    0.017943
    8    0.005950
    2    0.005240
    2    0.005031
    8    0.005465
    6    0.005210
   52    0.011417
    9    0.005598
   10    0.005641
    3    0.005585
    2    0.005102
    5    0.005310
   43    0.009985
    4    0.005297
  115    0.023475
   10    0.006062
    6    0.005704
   36    0.008911
    2    0.005190
    2    0.005364
    2    0.005243
    2    0.005132
   11    0.005574
    8    0.005455
    3    0.005461
   12    0.005907
    3    0.005182
    3    0.005406
    7    0.005505
    7    0.005398
    9    0.005709
   12    0.005922
    6    0.005693
    6    0.005457
   33    0.008318
   11    0.005804
  265    0.060583
   21    0.007113
   27    0.007791
    2    0.005146
    6    0.005586
   11    0.005763
    5    0.005903
    5    0.005454
    3    0.005123
    2    0.005135
    8    0.005570
    2    0.005161
  188    0.038522
    9    0.005738
   11    0.005979
    2    0.005039
    2    0.005227
    3    0.005136
    2    0.005171
    8    0.005273
   18    0.006873
    9    0.005650
   13    0.005787
    6    0.005493
    2    0.005368
    6    0.005587
    4    0.005292
   10    0.005816
   14    0.006261
    5    0.005298
    3    0.005289
    3    0.005433
   11    0.005756
    7    0.005689
    2    0.005052
    2    0.005152
    2    0.005373
   22    0.007370
   54    0.011756
    3    0.005472
   34    0.008699
    7    0.005403
   10    0.005828
    4    0.005165
    4    0.005261
   31    0.008049
    2    0.005061
    9    0.005831
   13    0.005948
    3    0.005304
   14    0.006217
    9    0.005685
   12    0.006213
    2    0.005112
    5    0.005526
    4    0.005434
   10    0.005982
    2    0.005288
    9    0.005990
    6    0.005376
    8    0.005702
    7    0.005534
   14    0.006407
    2    0.005507
   16    0.006506
   12    0.005947
    2    0.005248
    7    0.005572
   13    0.006146
  162    0.033093
    3    0.005213
    4    0.005170
    5    0.005196
  263    0.059780
    4    0.005384
  170    0.034935
   19    0.007043
   60    0.013079
    7    0.005503
   35    0.009040
   60    0.012475
   15    0.005947
    5    0.005315
    8    0.005673
    9    0.005764
    4    0.005271
    4    0.005265
   25    0.007348
   13    0.006297
    6    0.005341
   12    0.006297
   15    0.006123
   12    0.005899
    8    0.005591
   25    0.007416
    9    0.005567
    5    0.005807
   14    0.006101
    2    0.005005
    2    0.005114
   22    0.007510
    7    0.005399
    3    0.005198
   11    0.005779
    4    0.005246
    7    0.005503
    9    0.005828
   14    0.006388
   84    0.016780
    4    0.005229
    2    0.005217
   15    0.006221
    3    0.005129
    2    0.005178
   16    0.006284
    3    0.005411
   10    0.005719
   10    0.005993
   10    0.005785
    3    0.005330
    2    0.005003
    2    0.005137
  101    0.019015
   12    0.006367
    2    0.005257
    3    0.005394
   13    0.006478
   11    0.005788
   12    0.006145
    5    0.005310
   13    0.006321
    3    0.005296
   57    0.011953
    2    0.005201
    3    0.005070
   23    0.007437
   14    0.006443
    3    0.005128
   15    0.006219
    5    0.005388
    7    0.005883
    5    0.005553
   41    0.010138
   11    0.006012
   12    0.005889
    2    0.005486
   14    0.006398
    7    0.005796
    3    0.005554
    5    0.005252
    5    0.005837
  138    0.028281
    2    0.005629
    2    0.005087
   10    0.006253
    2    0.005318
    2    0.005480
    6    0.005509
    6    0.005876
    4    0.005497
  103    0.020831
    9    0.005924
    2    0.004981
    2    0.005299
   51    0.011120
   17    0.006500
   14    0.006131
  160    0.032836
   10    0.006273
    2    0.005458
    6    0.005814
   11    0.007013
   13    0.005681
   13    0.006034
    6    0.005445
    2    0.004998
   16    0.006576
    9    0.005646
    3    0.005092
    4    0.005384
   15    0.006067
    4    0.005516
   69    0.014095
    9    0.005654
  124    0.024542
    7    0.005686
   30    0.008071
    2    0.005372
    9    0.005894
    3    0.005298
    5    0.005405
   14    0.006235
   13    0.006487
   13    0.006165
    8    0.005848
    8    0.005758
   16    0.006287
    5    0.005315
    6    0.005625
    6    0.005557
   57    0.012226
    4    0.005268
    3    0.005204
   54    0.011503
    2    0.005124
   10    0.005927
    3    0.005087
   12    0.006016
    4    0.005739
   18    0.007013
   11    0.006089
   63    0.013460
    3    0.005069
   15    0.006228
   10    0.005954
   10    0.005879
   12    0.006613
   33    0.009661
    9    0.006159
    4    0.005655
   10    0.005936
   53    0.011596
    4    0.005328
  111    0.021823
   10    0.005706
   84    0.016692
    8    0.005586
   11    0.005934
    2    0.005380
   10    0.005960
   13    0.006320
    2    0.005373
    2    0.005046
   14    0.006210
    2    0.005468
   13    0.006219
    9    0.005654
   11    0.005912
    2    0.005064
   11    0.005800
    2    0.005298
   11    0.006003
    7    0.005583
  154    0.030279
   12    0.005967
   16    0.006471
   14    0.006127
   11    0.005912
   11    0.005848
    9    0.005650
   12    0.006294
    9    0.005824
   13    0.006224
    2    0.005170
   11    0.005855
   13    0.006227
   10    0.005933
   12    0.005985
    7    0.005401
   33    0.008678
   11    0.006203
    2    0.005200
    3    0.005222
   15    0.006405
    5    0.005655
   14    0.006235
    2    0.005199
    7    0.005623
    4    0.005109
   12    0.006082
   14    0.006472
    2    0.005072
   12    0.006137
    9    0.005905
   14    0.006433
   46    0.010250
   10    0.005783
    2    0.005022
   12    0.006114
   13    0.006209
   12    0.006049
    4    0.005236
   11    0.005936
    9    0.005669
    8    0.005606
   11    0.005753
   73    0.014909
   12    0.006010
    7    0.005515
   13    0.006385
    3    0.005159
   14    0.006120
   51    0.011136
    5    0.005399
   10    0.005617
    2    0.005263
    4    0.005412
    2    0.005218
   22    0.007556
    2    0.005129
   13    0.006104
    3    0.005310
   10    0.006354
    4    0.005492
    4    0.005191
   10    0.005797
   13    0.006294
   12    0.006314
    5    0.005220
    8    0.005772
   14    0.006354
    4    0.005360
    4    0.005350
    2    0.005202
    7    0.005738
   59    0.012548
    4    0.005417
    3    0.005181
   10    0.005833
    7    0.005464
    7    0.005497
   10    0.005853
    2    0.005158
    2    0.005018
    2    0.005110
    2    0.005068
    4    0.005446
    8    0.005902
    8    0.005995
   41    0.009859
    2    0.005334
   10    0.006142
    6    0.005649
    7    0.005472
    9    0.005831
    2    0.005088
    4    0.005331
    5    0.005345
   49    0.010953
   12    0.006070
    7    0.005705
   36    0.009357
    3    0.006071
    4    0.005240
    4    0.005160
   15    0.006335
    7    0.005646
   12    0.006199
    3    0.005551
   11    0.005859
    9    0.005953
    4    0.005239
    4    0.005408
    8    0.005815
   10    0.005937
    5    0.005315
   13    0.006238
    7    0.005545
   49    0.010936
    5    0.005310
    9    0.005920
   16    0.006440
    9    0.005838
   78    0.015472
    6    0.005412
  216    0.045595
   10    0.005973
    8    0.005561
   49    0.010892
    2    0.005208
    5    0.005488
    7    0.005512
   18    0.006778
    2    0.005004
   10    0.006123
    2    0.005397
    2    0.005112
    2    0.005116
   20    0.007164
   13    0.006135
   21    0.007193
    2    0.005421
   52    0.011238
   10    0.005937
   16    0.006522
   14    0.006196
    8    0.005813
    6    0.005421
   11    0.005938
    5    0.005772
   10    0.005902
   11    0.006062
    5    0.005342
   54    0.011721
    6    0.005505
    2    0.005081
    3    0.005019
    7    0.006117
    6    0.005807
    8    0.005945
    9    0.005659
  178    0.036583
   12    0.005943
    2    0.005026
    4    0.005346
   10    0.005917
   11    0.005981
    7    0.005753
    7    0.006105
    2    0.005180
   14    0.006365
    2    0.005031
   47    0.010518
    2    0.005206
   14    0.006306
    4    0.005185
    2    0.005445
    2    0.004814
    4    0.005238
   11    0.005817
    3    0.005221
   95    0.018537
   11    0.006102
    2    0.005180
    2    0.005027
    2    0.005245
   13    0.006233
    2    0.005027
    7    0.005606
   14    0.006189
    2    0.005194
    2    0.005197
    3    0.005399
    3    0.005206
    3    0.005187
    3    0.005135
   25    0.007275
   31    0.007879
    2    0.005101
    8    0.005477
    7    0.005404
    9    0.005737
   12    0.006004
    9    0.005875
    6    0.005583
   15    0.006353
    3    0.005213
   53    0.011736
    2    0.005078
   63    0.013526
    3    0.005232
    3    0.005141
   21    0.007350
    9    0.005791
   13    0.006105
    9    0.006241
   11    0.006033
    2    0.005216
    3    0.005074
   47    0.010618
    2    0.005042
    6    0.005439
    4    0.005259
    2    0.005038
   13    0.006143
   13    0.005990
  130    0.025838
    2    0.005197
    2    0.005320
   10    0.005937
   11    0.006091
    4    0.005323
    6    0.005441
    3    0.005318
    6    0.005511
   95    0.018496
    5    0.005725
   11    0.006251
  125    0.025237
   10    0.006143
    6    0.005401
   11    0.006194
    4    0.005407
    3    0.005281
    2    0.005087
    9    0.005708
   12    0.006059
   13    0.006091
   13    0.006079
   10    0.006127
    5    0.005370
   10    0.005924
   46    0.010405
    8    0.005977
   24    0.007473
    8    0.005591
    2    0.005048
    9    0.005680
   10    0.006136
   46    0.010306
    6    0.005487
    6    0.005671
   11    0.006040
   13    0.006262
    5    0.005323
    5    0.005416
    9    0.005689
   10    0.006001
    7    0.005682
    2    0.004981
    5    0.005205
    3    0.005429
    3    0.005262
   48    0.011110
   12    0.006194
   10    0.005950
    9    0.005778
    3    0.005229
    4    0.005419
    4    0.005220
    3    0.005133
    3    0.005546
    2    0.005254
    2    0.005158
   11    0.005873
   13    0.006400
   17    0.006732
    4    0.005400
    2    0.005368
   11    0.005983
    9    0.005969
    5    0.005444
    3    0.005146
    3    0.005349
    8    0.005593
   11    0.006220
    4    0.005396
   35    0.009049
    2    0.005042
   20    0.007423
    3    0.005268
    2    0.005234
    3    0.005242
    5    0.005498
   11    0.005850
    4    0.005236
    7    0.006091
    3    0.005038
    6    0.005491
    5    0.005228
    7    0.005689
    9    0.005651
    8    0.005739
   19    0.007122
    3    0.005131
    6    0.005504
    8    0.005506
   10    0.005875
    3    0.005112
    8    0.005568
   12    0.006000
    2    0.005216
    2    0.005151
    3    0.005299
    5    0.005343
    6    0.005658
    6    0.005640
   10    0.006064
    5    0.005375
    5    0.005569
    6    0.005423
    4    0.005338
    3    0.005434
   11    0.005862
   11    0.006053
   12    0.005935
    2    0.005181
    2    0.005253
    6    0.005585
   11    0.005848
    4    0.005559
    8    0.005868
    2    0.005078
   59    0.013162
    7    0.005592
   10    0.005796
   12    0.006323
   12    0.006175
    3    0.005342
   17    0.006697
   23    0.007602
    2    0.005164
    3    0.005205
   13    0.006174
    5    0.005735
    5    0.005425
    8    0.005759
    9    0.005801
   10    0.005922
   10    0.005877
   11    0.006102
   11    0.005895
   10    0.005859
    3    0.005022
    5    0.005481
    3    0.005441
    7    0.005539
   53    0.011781
    2    0.004971
    5    0.005236
   12    0.006055
    9    0.005735
    4    0.005366
    8    0.005535
    5    0.005367
    4    0.005189
    5    0.005369
   10    0.006218
   10    0.005838
   12    0.005964
    2    0.004991
   14    0.006169
   14    0.006438
    4    0.005410
    2    0.004969
   14    0.006138
    2    0.005128
   13    0.006433
    2    0.005084
   10    0.006038
    7    0.005561
    2    0.005149
    4    0.005207
    2    0.005194
    3    0.005218
  211    0.043869
    8    0.005709
   15    0.006404
   14    0.006366
    8    0.005633
   10    0.005916
    2    0.005383
    7    0.005530
   13    0.006300
    8    0.005656
    7    0.005828
    9    0.005790
    4    0.005459
   48    0.010836
    9    0.005732
    2    0.005107
    7    0.005800
    2    0.005485
    2    0.005217
   11    0.006315
    6    0.005789
   12    0.006350
   10    0.005884
    8    0.005653
    3    0.005605
    4    0.005372
    2    0.005163
   13    0.006254
   11    0.006145
   12    0.006191
    4    0.005364
    4    0.005647
    4    0.005439
   11    0.005934
    2    0.005309
    3    0.005164
    8    0.005716
   11    0.006116
   10    0.005949
    5    0.005403
    4    0.005354
    8    0.005972
    2    0.005243
    3    0.005229
   29    0.007986
   11    0.006087
    6    0.005778
   14    0.006273
   44    0.010412
    9    0.005962
    2    0.005050
    7    0.005680
    6    0.005383
    7    0.005549
    2    0.005013
    4    0.005433
    3    0.005219
   10    0.005829
    3    0.005244
    2    0.005130
    2    0.005039
   10    0.005903
    3    0.005239
   22    0.007619
   20    0.007102
    7    0.005550
    5    0.005467
    2    0.005204
    6    0.005490
    6    0.005566
   34    0.008939
    7    0.005484
    8    0.005827
   41    0.009740
    6    0.005788
    3    0.005338
    7    0.005766
   25    0.007638
    7    0.005898
   11    0.005945
   10    0.005860
    2    0.005096
    9    0.005866
   11    0.006113
   11    0.005990
    6    0.005548
    3    0.005098
   17    0.006754
    9    0.005750
  117    0.023056
    3    0.005446
   29    0.008242
    3    0.005388
    6    0.005497
    6    0.005508
    8    0.005596
    3    0.005344
   41    0.009821
    9    0.005703
   16    0.007080
    4    0.005688
    8    0.005802
    9    0.005938
    9    0.005756
    2    0.005190
   21    0.007163
    6    0.005529
   13    0.006452
    7    0.005649
    4    0.005328
   94    0.018335
   11    0.006075
    2    0.005156
   13    0.006080
    4    0.005312
   67    0.013320
    9    0.005756
    5    0.005412
    9    0.005910
    7    0.005740
    6    0.005700
    6    0.005851
   26    0.007971
    3    0.005424
    3    0.005152
    6    0.005682
    7    0.005991
    5    0.005377
   14    0.006282
    7    0.005505
   41    0.009842
    4    0.005379
    9    0.005785
   13    0.006191
    8    0.005863
    2    0.005138
    3    0.005340
    5    0.005552
    2    0.005488
   11    0.006109
   12    0.006075
   11    0.006185
   10    0.005956
   16    0.006522
    8    0.005977
    8    0.005819
    5    0.005319
    2    0.005377
    3    0.005365
   11    0.006090
   10    0.005777
   10    0.005869
   30    0.008271
    2    0.004976
   18    0.007159
  134    0.026464
   12    0.006173
   27    0.007855
   35    0.008695
    3    0.005555
   14    0.006363
    6    0.005675
    4    0.005498
   12    0.005932
    3    0.005402
   14    0.006405
   22    0.007263
   10    0.006361
   11    0.006136
   12    0.005998
   17    0.006678
   22    0.007365
   10    0.006075
    9    0.005815
   16    0.006841
    2    0.005032
    2    0.005305
    8    0.005832
   46    0.010611
   12    0.006042
    9    0.005655
   11    0.006067
    2    0.005145
   15    0.006333
    2    0.005038
    8    0.005700
    3    0.005439
    4    0.005277
   14    0.006257
   11    0.006201
   12    0.006367
    3    0.005210
    7    0.005795
   14    0.006183
   14    0.006597
    3    0.005179
    6    0.005356
    5    0.005704
    9    0.005741
   16    0.006506
    3    0.005455
   13    0.006319
    9    0.005699
    5    0.005509
    4    0.005475
    2    0.005387
    3    0.005411
    4    0.005293
   11    0.006055
    2    0.005290
    3    0.005567
    2    0.005030
    5    0.005338
    9    0.005745
    3    0.005104
    2    0.005173
   14    0.006385
   15    0.006480
   11    0.005956
    3    0.005454
    3    0.005404
    3    0.005248
   55    0.011774
    9    0.006182
    7    0.005700
    2    0.005235
    2    0.005361
   12    0.006140
    5    0.005374
   41    0.009998
    2    0.005186
    2    0.005384
    2    0.005259
    4    0.005210
   14    0.006419
   12    0.006377
    3    0.005066
   14    0.006313
   14    0.006105
   11    0.006008
   13    0.006363
    8    0.005678
    8    0.005628
    3    0.005139
    6    0.005481
    2    0.005086
    4    0.005219
   15    0.006278
    7    0.006026
   14    0.006409
    5    0.005555
    8    0.005844
    5    0.005430
    3    0.005545
    5    0.005283
    5    0.005570
   13    0.006421
   25    0.007814
    5    0.005550
    2    0.005220
   11    0.006019
    7    0.005695
   13    0.006230
   20    0.007309
   12    0.006321
   15    0.006625
    2    0.005197
    3    0.005187
    9    0.006030
    7    0.005515
    6    0.005362
   10    0.005726
   14    0.006459
   10    0.005817
   49    0.011261
   10    0.005994
    4    0.005253
   13    0.006266
    5    0.005428
   17    0.006655
   38    0.009321
   11    0.006120
    4    0.005502
   63    0.012937
   12    0.006271
   11    0.006044
   13    0.006525
    5    0.005324
    2    0.005250
    2    0.005505
    6    0.005557
   11    0.006064
   14    0.006542
    2    0.005129
   13    0.006305
    2    0.005035
    8    0.005720
    7    0.005459
   18    0.007080
   19    0.006912
   11    0.006247
   15    0.006564
    3    0.005406
    6    0.005448
    3    0.005159
    2    0.005190
    2    0.005132
   13    0.006353
   11    0.006051
    2    0.005311
    9    0.005915
   17    0.006531
    8    0.005350
    3    0.005278
    8    0.005775
   15    0.006618
    2    0.004985
    3    0.005130
   13    0.006254
    2    0.005161
   15    0.006474
    2    0.005100
    4    0.005357
    8    0.005744
   12    0.005995
    7    0.005690
    2    0.005445
    3    0.005477
   10    0.005806
    4    0.005285
    7    0.005519
    7    0.005563
    2    0.005152
   11    0.006139
    3    0.005310
   14    0.006515
    6    0.005477
   12    0.005965
    7    0.005443
   13    0.006232
   37    0.009225
    2    0.005182
   10    0.005916
    2    0.005078
    2    0.005336
    6    0.005849
    2    0.005290
    4    0.005456
   16    0.006564
   10    0.005738
    6    0.005715
    7    0.005636
   10    0.005931
    2    0.005363
    7    0.005791
   22    0.007196
   10    0.005924
   10    0.005855
    8    0.005715
   17    0.006834
    4    0.005599
   14    0.006565
    3    0.005258
    7    0.005705
   15    0.006549
    3    0.005250
    6    0.005693
   13    0.006212
   10    0.006117
    2    0.005012
    5    0.005490
    9    0.005729
    8    0.005581
   17    0.006760
    2    0.005237
   20    0.007304
    3    0.005183
   10    0.005924
    6    0.005441
   16    0.006691
    2    0.005075
   20    0.007004
   16    0.006627
    8    0.005750
    7    0.005535
   14    0.006511
   13    0.006336
   10    0.005894
    8    0.005762
   11    0.006126
    4    0.005370
    7    0.005504
   10    0.006082
    6    0.005435
    3    0.005329
   12    0.006084
    4    0.005106
    4    0.005247
    5    0.005329
    5    0.005589
    2    0.004921
    7    0.005616
    2    0.005718
    2    0.005045
   16    0.006507
    2    0.005430
    2    0.005237
    6    0.005462
    2    0.005335
   18    0.007015
    4    0.005159
    9    0.005722
    9    0.005874
    5    0.005521
   24    0.007403
    2    0.005212
    3    0.004979
    2    0.005214
    5    0.005479
   11    0.006075
   10    0.006333
   16    0.006529
    3    0.005266
   12    0.006223
   16    0.006582
    3    0.005206
    2    0.005188
   11    0.006087
   18    0.006981
    7    0.005697
   15    0.006467
   11    0.006127
   11    0.006025
    5    0.005451
   12    0.006291
   11    0.006011
    4    0.005207
    4    0.005252
    7    0.005487
    7    0.005463
   13    0.006407
    9    0.005826
   10    0.005942
    4    0.005310
   11    0.006114
    3    0.005222
    4    0.005180
    4    0.005929
   12    0.006079
    5    0.005385
   17    0.006642
   10    0.006060
    2    0.005105
   12    0.006255
    2    0.005078
    7    0.005844
   19    0.006989
   12    0.006045
    2    0.005322
   13    0.006386
   22    0.007339
    3    0.005226
    2    0.005117
   16    0.006781
   16    0.006507
    6    0.005514
    2    0.005091
    2    0.005054
   15    0.006444
    5    0.005593
   12    0.006014
    3    0.005298
    9    0.005923
    4    0.005397
   14    0.006332
   10    0.006308
    2    0.005403
   15    0.006414
    2    0.005062
   11    0.006040
    4    0.005454
   11    0.005993
   12    0.006117
    6    0.005534
    5    0.005307
    5    0.005287
    4    0.005294
    5    0.005519
   14    0.006574
   13    0.006269
   10    0.005840
    3    0.005069
    3    0.005258
    9    0.005948
    7    0.005538
   19    0.007058
   17    0.006666
   19    0.007123
   16    0.006504
    3    0.005291
    2    0.005108
   14    0.006282
   10    0.006057
   10    0.005923
    2    0.005166
   11    0.006126
   14    0.006875
    6    0.005665
   16    0.006476
    8    0.005829
    2    0.005247
    5    0.005488
   15    0.006693
   17    0.006561
   24    0.007963
    5    0.005482
   12    0.006045
    2    0.005165
   10    0.006083
    5    0.005437
    5    0.005374
    2    0.004957
    6    0.005626
   12    0.006033
    5    0.005448
   10    0.005810
    2    0.005135
   12    0.006063
    8    0.005819
    3    0.005293
    2    0.005144
    2    0.005208
   19    0.007021
    7    0.005778
   13    0.006328
    3    0.005163
    2    0.005063
    4    0.005408
    2    0.005097
    2    0.004995
    2    0.005164
   18    0.006866
   10    0.005932
   10    0.006255
   17    0.006907
   17    0.006682
    5    0.005713
    2    0.005045
   19    0.007196
   33    0.008260
   15    0.006818
    4    0.005305
    4    0.005696
   18    0.006885
    8    0.005948
   14    0.006589
    9    0.005739
    2    0.005300
   22    0.007280
   11    0.006090
    2    0.005018
   11    0.006056
    8    0.005853
    3    0.005216
    3    0.005400
    2    0.005148
   12    0.006227
   12    0.006214
    2    0.005032
    8    0.005717
   19    0.006969
    8    0.005827
   10    0.005997
   11    0.006079
    7    0.005368
   13    0.006138
    8    0.005707
    2    0.005145
   14    0.006375
    2    0.004965
   17    0.006836
    3    0.005246
    9    0.005726
   33    0.008700
   13    0.006223
    3    0.005299
    4    0.005414
    5    0.005296
    3    0.005606
   13    0.006231
   17    0.006492
    2    0.005353
   19    0.007076
    4    0.005381
   14    0.006216
    2    0.005546
    8    0.005675
    2    0.005073
   16    0.006506
   32    0.008245
   11    0.006023
   18    0.006723
    2    0.005061
    2    0.005042
   17    0.007097
   17    0.007032
   18    0.006806
    6    0.005458
   17    0.006656
   13    0.006480
    6    0.005653
   13    0.006132
    3    0.005176
    5    0.005307
    2    0.005039
   20    0.007454
   38    0.009945
   15    0.006564
    5    0.005368
    8    0.006156
    7    0.005786
   10    0.005922
   11    0.006028
   12    0.006403
    7    0.005760
    2    0.005371
    5    0.005450
    7    0.005650
   14    0.006341
   12    0.006064
    6    0.005558
    3    0.005289
    7    0.005312
    2    0.005113
    8    0.005696
   16    0.006495
   17    0.006596
   12    0.006384
   10    0.005898
   13    0.006517
    4    0.005233
    6    0.005826
   16    0.006864
    6    0.005488
    6    0.005365
    9    0.005769
    2    0.005196
   15    0.006811
   30    0.008270
   12    0.006208
    3    0.005216
    2    0.005027
    3    0.005333
    6    0.005506
    5    0.005323
   12    0.006338
   13    0.006348
   10    0.006144
    4    0.005176
    2    0.005790
    5    0.005557
    7    0.005938
    5    0.005826
    2    0.005608
    7    0.005779
    9    0.006125
    9    0.006000
   13    0.006430
   12    0.006170
    4    0.005264
   15    0.006922
    8    0.005664
    2    0.005138
    3    0.005484
   17    0.006907
   17    0.006819
    3    0.005148
    7    0.005858
    6    0.005861
   14    0.006475
    4    0.005580
    2    0.005291
    2    0.005125
    6    0.005367
    2    0.005133
    3    0.005140
    2    0.005355
    4    0.005333
   19    0.007356
   17    0.006952
   13    0.006517
   18    0.006771
    3    0.005239
    8    0.005882
    3    0.005515
    4    0.005156
    2    0.005179
    3    0.005119
    5    0.005566
    4    0.005247
    2    0.005123
   15    0.006478
   15    0.006473
   17    0.006740
    5    0.005755
    8    0.005701
    2    0.005178
    5    0.005295
    6    0.005426
   11    0.006086
    6    0.005469
    2    0.005169
   10    0.006059
    3    0.005003
   21    0.007166
   13    0.006276
    3    0.005424
   13    0.006300
   12    0.006193
   11    0.006168
   13    0.006408
    3    0.005420
    3    0.005370
    7    0.005797
   11    0.006163
    2    0.005293
    7    0.005559
   10    0.006142
    3    0.005282
   42    0.009944
   14    0.006287
   13    0.006391
    7    0.005617
   10    0.006278
   13    0.006260
    9    0.005874
   11    0.006395
    6    0.005552
   16    0.006806
    6    0.005499
   11    0.006005
    5    0.005561
   11    0.006193
    6    0.005585
    3    0.005248
   20    0.007175
    6    0.005882
   29    0.007982
    3    0.005213
   12    0.006351
   12    0.006328
    2    0.004991
    3    0.005347
   10    0.006045
    8    0.005781
    2    0.004998
   16    0.006665
   13    0.006467
   14    0.006684
    9    0.005896
   53    0.011260
   19    0.007434
    6    0.005520
   14    0.006382
   14    0.006467
   12    0.006159
   29    0.007728
   12    0.006066
   16    0.006723
    2    0.005060
    3    0.005137
    4    0.005272
   12    0.006167
    3    0.005223
   17    0.006673
    6    0.005741
   13    0.006699
   16    0.006907
   20    0.007130
    2    0.005188
   13    0.006508
    4    0.005354
    7    0.005629
   16    0.006915
   10    0.006232
    8    0.006362
   16    0.006651
    2    0.005613
    4    0.005259
    4    0.005479
   13    0.006388
    2    0.005097
   10    0.006316
   14    0.006361
    2    0.005186
   17    0.006714
   13    0.006331
   10    0.005993
    2    0.005122
    4    0.005327
    2    0.005112
    2    0.005164
    2    0.005125
    9    0.005754
   11    0.006140
    2    0.005353
   13    0.006398
    2    0.005190
   12    0.006273
   12    0.006321
   13    0.006356
    4    0.005271
   28    0.007910
   13    0.006540
    4    0.005455
    4    0.005334
   17    0.007093
    4    0.005579
   13    0.006587
   16    0.006520
    3    0.005034
    3    0.005114
   14    0.006358
   11    0.006036
    2    0.005054
    2    0.005148
    4    0.005111
    6    0.005390
    9    0.005730
    9    0.005696
   11    0.006170
   14    0.006656
   14    0.006319
   14    0.006448
    2    0.005226
   19    0.007173
    7    0.005849
   28    0.007860
    3    0.005390
   13    0.006287
   13    0.006326
   10    0.006562
   11    0.006350
   12    0.006485
   11    0.005844
    2    0.005090
    3    0.005209
    5    0.005537
   19    0.007065
   14    0.006538
    2    0.005046
    2    0.005127
    5    0.005511
    5    0.005498
    7    0.005602
    3    0.005123
    7    0.005659
   12    0.006153
   14    0.006433
   12    0.006416
   12    0.006258
    3    0.005504
    4    0.005358
    9    0.005995
    2    0.005321
   15    0.006462
    9    0.005687
    7    0.005972
    9    0.005713
    8    0.005649
   16    0.006812
    4    0.005205
    4    0.005349
   16    0.006628
    8    0.005669
   17    0.006680
    9    0.005790
    5    0.005265
    4    0.005452
   16    0.006588
    5    0.005585
    2    0.005044
    3    0.005218
   15    0.006393
   15    0.006584
    4    0.005174
   11    0.006165
   12    0.006246
    4    0.005357
    2    0.005200
   13    0.006542
    8    0.005676
    5    0.005390
    4    0.005421
   18    0.006882
   10    0.005675
    5    0.005724
    2    0.005191
    2    0.005078
   14    0.006732
    8    0.005707
   18    0.007112
   16    0.006639
    2    0.005130
    5    0.005256
    6    0.005547
    2    0.005314
   13    0.006161
    7    0.005674
    3    0.005127
   12    0.006411
    6    0.005430
   11    0.006460
    2    0.005483
    3    0.005515
    7    0.005789
   12    0.006501
   11    0.006245
    4    0.005255
    4    0.005306
    4    0.005220
    9    0.005750
    5    0.005685
    5    0.005497
    7    0.005704
   17    0.006816
    8    0.005697
    2    0.005083
   13    0.006122
    2    0.005274
    4    0.005459
    5    0.005487
   10    0.006016
   16    0.006483
    6    0.005680
   16    0.006541
    3    0.005214
   13    0.006335
   18    0.006880
    3    0.005283
   12    0.006360
    4    0.005746
    8    0.005788
    8    0.006031
    2    0.005037
   12    0.006236
    5    0.005309
    9    0.005722
   17    0.006719
    4    0.005529
   10    0.006260
    8    0.005693
    2    0.005166
   10    0.006100
   10    0.005966
    4    0.005617
    5    0.005336
   15    0.006789
   12    0.006205
   11    0.006064
    6    0.005833
    2    0.005208
    2    0.005192
    5    0.005837
    5    0.005364
   14    0.006357
    2    0.005153
    2    0.005503
    3    0.005292
   12    0.006350
   12    0.006131
    5    0.005433
    9    0.005807
    3    0.005128
    7    0.005723
   19    0.006996
    3    0.005333
    4    0.005135
   15    0.006409
   17    0.006851
    9    0.005955
   16    0.006709
    9    0.005887
    7    0.005833
   15    0.006512
    9    0.006166
    7    0.005542
   10    0.005912
    4    0.005522
    3    0.005187
    4    0.005593
   16    0.006486
   11    0.006245
    2    0.005025
    2    0.005028
    9    0.005742
    4    0.005278
    2    0.005043
   14    0.006782
    5    0.005716
   20    0.007614
    7    0.005543
    2    0.005211
    8    0.005696
   17    0.006746
    2    0.005132
   14    0.006256
   12    0.006321
    5    0.005549
    3    0.005448
   10    0.006153
    2    0.005268
    4    0.005315
    3    0.005333
    3    0.005217
   13    0.006313
   15    0.006426
    2    0.005082
    4    0.005372
   13    0.006261
    2    0.005017
   14    0.006360
    2    0.005219
    6    0.005757
    4    0.005558
    4    0.005323
   19    0.006932
   14    0.006603
   17    0.006644
   11    0.006108
   10    0.006384
    3    0.005545
    7    0.005779
    7    0.005587
    8    0.005789
    9    0.005810
   14    0.006689
   12    0.006139
   14    0.006500
    6    0.005494
    8    0.005845
   13    0.006598
    2    0.005107
    6    0.005666
   15    0.006752
   15    0.006623
    2    0.005257
    3    0.005361
   10    0.006240
    3    0.005220
    5    0.005604
    4    0.005421
   12    0.006216
   17    0.006827
   15    0.006499
    9    0.005701
   15    0.006568
    4    0.005275
   15    0.006802
    4    0.005244
   14    0.006596
   15    0.006498
   15    0.006560
    9    0.005815
    9    0.005744
    7    0.005732
   12    0.006156
   14    0.006541
    2    0.005208
   13    0.006520
   17    0.006765
    2    0.005221
    2    0.005346
   14    0.006634
    3    0.005455
   17    0.006802
    2    0.005503
    9    0.006024
    6    0.005554
    4    0.005241
    8    0.005901
    7    0.005641
    3    0.005465
    3    0.005139
    2    0.005126
   16    0.006711
   12    0.006510
   11    0.006041
   12    0.006237
   19    0.006919
    2    0.005202
    5    0.005562
    2    0.005208
    2    0.005107
   13    0.006403
    3    0.005222
   12    0.006437
    3    0.005274
    5    0.005386
   22    0.007473
    7    0.005691
    4    0.005639
   15    0.006561
    8    0.005655
    2    0.005071
    5    0.005344
    4    0.005460
    2    0.005175
    5    0.005700
   11    0.005978
    7    0.005654
   18    0.006821
    3    0.005135
   10    0.006051
   16    0.006474
    4    0.005469
   12    0.006170
   10    0.006314
   15    0.006525
   15    0.006252
    6    0.005401
    8    0.005804
    9    0.005784
   16    0.006619
   10    0.006093
    5    0.005701
    7    0.005676
   14    0.006334
    2    0.005099
    9    0.005839
   16    0.006968
   11    0.005927
   18    0.006866
    9    0.005809
    5    0.005371
   15    0.006634
   14    0.006576
   12    0.006429
   15    0.006737
    5    0.005300
   11    0.006339
   14    0.006521
    5    0.005328
    5    0.005311
   21    0.007289
    3    0.005256
    7    0.005667
    4    0.005292
    2    0.005142
    4    0.005353
   12    0.006077
    5    0.005657
   22    0.007160
    2    0.005043
    2    0.005386
    2    0.005151
   15    0.006455
   18    0.007075
    6    0.005473
    3    0.005054
   12    0.006197
    2    0.005050
   19    0.007225
    9    0.006013
    2    0.005131
   12    0.006289
    2    0.005102
    8    0.005644
    2    0.005108
   15    0.006649
   20    0.007090
    9    0.005747
    2    0.004981
    3    0.005359
   19    0.006887
    6    0.005543
    5    0.005467
    5    0.005786
   11    0.005967
   11    0.006099
   10    0.006094
    2    0.005305
   11    0.006370
    6    0.005788
    2    0.005345
    3    0.005283
    2    0.005196
    3    0.005286
    6    0.005853
   16    0.006646
   11    0.006034
   21    0.007263
    3    0.005263
   22    0.007693
    4    0.005325
   10    0.006078
    3    0.005367
    7    0.005997
   10    0.005860
   15    0.006717
    4    0.005459
   14    0.006332
    3    0.005163
   14    0.006350
    8    0.005958
    4    0.005328
    8    0.005890
    3    0.005101
   17    0.007051
   19    0.007180
    2    0.005094
    2    0.005147
    2    0.005114
   17    0.006859
   19    0.006988
   11    0.005935
    7    0.005717
   14    0.006424
    3    0.005334
    2    0.005099
    4    0.005345
   13    0.006216
   11    0.006167
    8    0.005741
    5    0.005392
   17    0.006732
   13    0.006176
    7    0.005936
   15    0.006461
    5    0.005405
    4    0.005316
    2    0.005159
   13    0.006201
    4    0.005366
   16    0.006648
    9    0.005820
   20    0.007338
   20    0.007300
    7    0.006023
   11    0.006055
    2    0.005047
   13    0.006227
   12    0.006117
   12    0.006183
    3    0.005242
    4    0.005500
    5    0.005597
    7    0.005766
    2    0.005177
   15    0.006846
    3    0.005244
    2    0.005238
    2    0.005306
   19    0.007095
   14    0.006408
    3    0.005240
   10    0.005908
   10    0.006153
    6    0.005569
    6    0.005694
   13    0.006701
   11    0.006190
    6    0.005735
    3    0.005191
   12    0.006501
    4    0.005326
    2    0.005283
   18    0.007420
    4    0.005250
    9    0.005966
   18    0.006735
    3    0.005260
    2    0.005128
    5    0.005442
    4    0.005384
    7    0.005542
    2    0.005233
   20    0.007355
   10    0.005797
    8    0.005782
    2    0.005092
   11    0.006339
   11    0.006073
    2    0.005176
    2    0.005055
    2    0.005231
   18    0.006810
    4    0.005366
   12    0.006129
   13    0.006526
   15    0.006469
    5    0.005329
   13    0.006398
    6    0.005519
    2    0.005130
   16    0.006603
   10    0.005959
   20    0.006830
   11    0.005945
   12    0.006231
   14    0.006341
    2    0.005221
   13    0.006535
    3    0.005490
    2    0.005238
    8    0.005939
    7    0.005614
   17    0.006825
   20    0.007172
    9    0.006283
   12    0.006353
   11    0.006017
    3    0.005138
    4    0.005420
   10    0.006071
    3    0.005100
    4    0.005290
   15    0.006642
   10    0.006176
    2    0.005050
   13    0.006518
    2    0.005396
   19    0.007377
    2    0.005202
   14    0.006543
   16    0.006662
   17    0.006730
   23    0.007522
   16    0.006841
    2    0.005115
    4    0.005501
    9    0.005730
   13    0.006669
   19    0.007507
   16    0.006533
   11    0.006112
   11    0.006300
    4    0.005392
    5    0.005380
   18    0.007223
   21    0.007534
   11    0.006264
    2    0.005448
    8    0.005682
    4    0.005213
   14    0.006431
   11    0.005986
   17    0.006600
    5    0.005517
    3    0.005294
    7    0.005346
   17    0.006880
   12    0.006002
    2    0.005156
    9    0.005818
   16    0.006868
   13    0.006057
   12    0.006147
   14    0.006472
    5    0.005467
   10    0.005990
   16    0.006724
   19    0.007512
    8    0.005818
   17    0.006817
    8    0.005950
    6    0.005520
    7    0.005712
   11    0.006164
    3    0.005338
    3    0.005540
    2    0.005136
   10    0.005993
    5    0.005485
    6    0.005648
   12    0.006219
    3    0.005182
    8    0.005731
    4    0.005276
   13    0.006290
    2    0.005214
    5    0.005746
   14    0.006425
    3    0.005147
    2    0.005147
    3    0.005261
    3    0.005411
   21    0.007325
    3    0.005188
    7    0.005891
   18    0.006915
   10    0.005878
    3    0.005493
    6    0.005512
    4    0.005235
   15    0.006616
    5    0.005387
    5    0.005526
   14    0.006627
   14    0.006673
   17    0.006790
    9    0.005853
   19    0.007285
    8    0.005758
   13    0.006553
    2    0.005173
    2    0.005143
   13    0.006130
   14    0.006708
    4    0.005429
   11    0.006055
    4    0.005573
    9    0.005960
    5    0.005330
    8    0.005711
    3    0.005262
    3    0.005605
   12    0.006074
   14    0.006415
   10    0.005849
   10    0.006277
   13    0.006309
   10    0.005938
    2    0.005179
   13    0.006436
    5    0.005786
   18    0.006899
   13    0.006364
    8    0.005792
   14    0.006326
   27    0.007976
    3    0.005176
   12    0.005993
   15    0.006630
   12    0.006335
   14    0.006406
    9    0.006034
    2    0.005275
    7    0.005790
    2    0.005243
   11    0.005986
    7    0.005565
   12    0.006290
    6    0.005551
    8    0.005839
   17    0.006707
   17    0.006722
   15    0.006704
    2    0.005127
    3    0.005129
   18    0.006852
    3    0.005449
   18    0.006869
    6    0.005519
    2    0.005422
    3    0.005815
    9    0.006255
    2    0.005106
    2    0.005333
    6    0.005605
   11    0.006175
    4    0.005587
    9    0.005728
    7    0.005511
    2    0.005184
    2    0.005215
   15    0.006601
   11    0.006023
   11    0.006191
    3    0.005179
    2    0.005081
    2    0.004992
    9    0.005654
    2    0.005320
    7    0.005819
   14    0.006587
    6    0.005741
    2    0.005145
   13    0.006527
    7    0.005498
    8    0.005761
   13    0.006557
    4    0.005908
    5    0.005544
   16    0.007419
    5    0.005721
    5    0.005590
   10    0.006406
    4    0.005546
    4    0.005335
    8    0.005723
    4    0.005362
    8    0.005863
   13    0.006478
   12    0.006109
   16    0.006472
    2    0.005282
   14    0.006450
    3    0.005179
    2    0.005233
    5    0.005334
    5    0.005619
    2    0.005104
   18    0.007009
    6    0.005484
    5    0.005629
    3    0.005199
   15    0.006509
   17    0.006743
   11    0.006230
   13    0.006378
    8    0.005896
    8    0.005823
    2    0.005138
   16    0.006557
   11    0.006016
   10    0.005850
    2    0.005327
    4    0.005574
   11    0.006281
   11    0.006320
   13    0.006581
   14    0.006579
   10    0.005921
    9    0.005877
    2    0.005126
   11    0.006891
   13    0.006209
    8    0.006337
    3    0.005321
    4    0.005555
   15    0.006659
    4    0.005403
   14    0.006349
   12    0.006043
   14    0.006277
    2    0.005348
   15    0.006475
   11    0.006008
    6    0.005538
    3    0.005153
   17    0.006905
    4    0.005323
   16    0.006199
   14    0.006454
   17    0.007113
    3    0.005249
    4    0.005631
    5    0.005548
    3    0.005344
    2    0.005275
   16    0.006820
   16    0.006576
    3    0.005135
    3    0.005143
   16    0.006803
   16    0.006807
   16    0.006747
    9    0.005730
   11    0.005974
    4    0.005346
   12    0.006189
   12    0.006127
    5    0.005376
   16    0.006758
   14    0.006308
    2    0.005128
    7    0.005703
   11    0.006019
    8    0.005721
    3    0.005237
   11    0.005950
    3    0.005142
   10    0.006478
   17    0.006703
    3    0.005250
    3    0.005174
    3    0.005519
   10    0.005894
   19    0.006996
    4    0.005210
   13    0.006377
    7    0.005617
    4    0.005442
    8    0.005631
    4    0.005222
    3    0.005447
    9    0.005786
   13    0.006298
   15    0.006958
    8    0.006104
    5    0.005434
   15    0.006460
   15    0.006973
    5    0.005531
    2    0.005237
    4    0.005462
    4    0.005723
   10    0.006145
    7    0.005926
   13    0.006364
    4    0.005214
    3    0.005205
    8    0.005994
    8    0.005722
   10    0.006338
    3    0.005124
    3    0.005145
   16    0.006734
    6    0.005594
   15    0.006922
   13    0.006149
    2    0.005154
   14    0.006690
    8    0.005960
    7    0.005605
   15    0.006847
    9    0.005998
   14    0.006420
    2    0.005249
   14    0.006468
   14    0.006728
    9    0.005984
    6    0.005462
   16    0.006672
   11    0.006210
    2    0.005162
   15    0.006652
   12    0.006155
    3    0.005254
    4    0.005366
   13    0.006306
    4    0.005307
    2    0.005182
   14    0.006303
   12    0.006517
   16    0.006750
   14    0.006505
   16    0.006821
    3    0.005416
    7    0.005779
   12    0.006196
    7    0.005681
   11    0.006318
    2    0.005197
    2    0.005393
    2    0.005349
   12    0.006280
   15    0.006525
   15    0.006561
    4    0.005343
    5    0.005575
    5    0.005542
   13    0.006210
   11    0.006093
    8    0.005777
   14    0.006751
    2    0.005068
    2    0.005282
    5    0.005319
   12    0.006419
    2    0.005056
    3    0.005331
   12    0.006157
   16    0.006567
   13    0.006577
   10    0.005962
   11    0.006050
   15    0.006444
   11    0.006045
    2    0.005406
   10    0.005653
    9    0.005933
    4    0.005483
   13    0.006589
   11    0.006096
   14    0.006512
    9    0.005840
   11    0.006114
    9    0.005777
    2    0.005288
    8    0.005725
   11    0.005922
    2    0.005067
    2    0.005271
   14    0.006608
    4    0.005358
   13    0.006087
   13    0.006622
    4    0.005368
    9    0.005942
    8    0.005940
    8    0.005724
    3    0.005201
    4    0.005150
   15    0.006515
    3    0.005238
    6    0.005554
   13    0.006219
    2    0.005199
   15    0.006744
   14    0.006455
    2    0.005486
    4    0.005525
    3    0.005626
   12    0.006224
    3    0.005253
   11    0.006144
   16    0.006832
    5    0.005495
    2    0.005174
   14    0.006504
    3    0.005122
   13    0.006222
    4    0.005256
    9    0.005642
   10    0.005924
    2    0.005165
   15    0.006605
    8    0.005668
    2    0.005131
    2    0.005306
    4    0.005410
    2    0.005223
   12    0.006088
   15    0.006434
    8    0.005747
   14    0.006484
   16    0.006671
    2    0.005313
    2    0.005071
    8    0.005965
   13    0.006307
    4    0.005364
   10    0.005992
   13    0.006074
   13    0.006312
   12    0.006346
   13    0.006334
   14    0.006467
   11    0.005953
    2    0.005159
    8    0.005789
    2    0.005101
    3    0.005297
   12    0.006336
    8    0.006013
   11    0.006255
    4    0.005329
    5    0.005970
    3    0.005144
   12    0.006293
   10    0.005989
    7    0.005528
   14    0.006650
    6    0.005764
   11    0.005993
    6    0.005349
    2    0.004980
   11    0.006182
    3    0.005066
    9    0.006235
    2    0.005188
    9    0.005932
   11    0.006201
    7    0.005664
   12    0.006449
    2    0.004997
   14    0.006383
    2    0.005080
    9    0.005930
    8    0.005451
    8    0.005863
   13    0.006428
    2    0.005145
   12    0.006160
   12    0.006294
   11    0.006016
    2    0.005152
   12    0.006094
   12    0.006196
    5    0.005390
    2    0.005112
   13    0.006340
   10    0.006436
    2    0.005072
    2    0.005228
    6    0.005427
    2    0.005233
    4    0.005511
    8    0.005882
   12    0.006110
    7    0.005964
    3    0.005340
    7    0.005635
    6    0.005420
    4    0.005253
    2    0.005309
   10    0.005808
    4    0.005393
   13    0.006424
    4    0.005492
   15    0.006529
    6    0.005778
   12    0.006252
    7    0.005864
    5    0.005331
    4    0.005213
   10    0.005834
    2    0.005343
    7    0.005547
   12    0.006016
    7    0.005499
    9    0.006211
    6    0.005492
    9    0.005710
    6    0.005555
   12    0.006207
    2    0.005170
    4    0.005314
    7    0.005383
    6    0.005716
    2    0.005117
   12    0.006122
   12    0.006476
    9    0.005877
    8    0.005733
   10    0.005916
   11    0.006160
   11    0.006019
    4    0.005234
    5    0.005427
    5    0.005352
    9    0.005848
    5    0.005408
    2    0.005198
    4    0.005335
    3    0.005200
   12    0.006475
    6    0.005960
   11    0.006146
    6    0.005665
    6    0.005671
    4    0.005565
    4    0.005314
    5    0.005397
   11    0.006192
    6    0.005738
   14    0.006408
    3    0.005192
    2    0.005255
    3    0.005348
    4    0.005229
    3    0.005105
   13    0.006438
    2    0.005099
    3    0.005169
   12    0.006142
    2    0.005188
   11    0.006023
    9    0.006107
   11    0.006095
    5    0.005561
   13    0.006698
    3    0.005140
   11    0.006007
    7    0.005536
    2    0.005427
    7    0.005755
    7    0.005600
    4    0.005670
   10    0.005871
    7    0.005637
    4    0.005367
    9    0.006185
    2    0.005190
   11    0.006083
    4    0.005480
   10    0.006199
   10    0.006000
    5    0.005352
   10    0.006118
   11    0.006158
    2    0.005293
    9    0.006043
   10    0.005891
    3    0.005404
    9    0.005893
    3    0.005170
   11    0.006170
    4    0.005530
    3    0.005116
    3    0.005720
    5    0.005535
    4    0.005412
   10    0.006300
   12    0.006247
   10    0.006048
   10    0.006249
   12    0.006115
   13    0.006263
    2    0.005132
   12    0.006358
    2    0.005126
    2    0.005243
   11    0.006091
    2    0.005108
    6    0.005499
   12    0.006164
    5    0.005541
   11    0.006279
   10    0.006100
    9    0.005941
    4    0.005380
   10    0.006296
    8    0.005982
   12    0.006271
    9    0.006447
    2    0.005278
   10    0.005877
    2    0.005239
   10    0.006172
    9    0.005972
    9    0.005919
    9    0.006169
   10    0.005968
    4    0.005370
    4    0.005340
    3    0.005463
    2    0.005052
    3    0.005118
    6    0.005693
    9    0.005828
    6    0.005550
    9    0.005911
    2    0.005301
    2    0.005238
    2    0.005229
   11    0.006199
    8    0.005624
   10    0.006046
    9    0.006207
   11    0.006031
   10    0.006381
   11    0.006277
    9    0.005835
   11    0.005974
    7    0.005638
    5    0.005526
    9    0.005874
    8    0.005618
    9    0.005886
    6    0.005615
    8    0.005681
    9    0.005763
   11    0.006326
    4    0.005305
    3    0.005148
    9    0.006000
    9    0.005837
    9    0.005646
    3    0.005352
    9    0.006141
    7    0.005675
    5    0.005681
    5    0.005527
    2    0.005042
    9    0.005921
    9    0.005856
   11    0.006135
    4    0.005249
    9    0.005891
    9    0.005998
    4    0.005410
    8    0.006035
    9    0.005695
   10    0.005906
   10    0.005902
   10    0.006177
    2    0.005284
    8    0.006010
    3    0.005126
    8    0.005923
    6    0.005728
    6    0.005880
    9    0.005662
    8    0.005927
    4    0.005335
    6    0.005531
    8    0.005641
    9    0.006142
    9    0.005773
    7    0.005652
    8    0.005693
   11    0.006031
    5    0.005676
    5    0.005323
    5    0.005563
    8    0.005708
    8    0.005740
    8    0.005783
    8    0.005685
    4    0.005592
    3    0.005142
   10    0.005892
    9    0.005833
   11    0.006252
    9    0.005857
    4    0.005623
    6    0.005436
    9    0.006072
    8    0.006124
   10    0.005865
    7    0.005602
    5    0.005453
    8    0.005650
    9    0.005933
    6    0.005509
    3    0.005202
    8    0.005694
    3    0.005349
    3    0.005176
    9    0.005872
    7    0.005603
    8    0.006019
   12    0.006290
    2    0.005236
    8    0.005803
    6    0.005517
    5    0.005611
    7    0.005686
    8    0.005732
    7    0.005756
    3    0.005225
    3    0.005154
   11    0.006538
    7    0.005785
    8    0.005815
    4    0.005350
    3    0.005069
    5    0.005663
    9    0.006134
    3    0.005197
    4    0.005601
    3    0.005718
    7    0.005635
   10    0.005834
    2    0.005157
    8    0.005602
    7    0.006072
    3    0.005080
    3    0.005234
    7    0.005806
    2    0.005075
    7    0.005637
    3    0.005274
    6    0.005471
    7    0.005932
    6    0.005841
    6    0.005264
    7    0.005677
    6    0.005385
    3    0.005269
    7    0.005686
    6    0.005754
    3    0.005372
    7    0.005772
    3    0.005247
    7    0.006007
    7    0.005598
    7    0.005483
    5    0.005580
   12    0.006113
    8    0.005930
    8    0.005987
    9    0.005770
    2    0.005134
    6    0.005398
    9    0.005844
    7    0.005711
    8    0.005684
    5    0.005600
    6    0.005470
    2    0.005296
    6    0.005936
    7    0.005900
    6    0.005548
    8    0.006045
    7    0.005833
    7    0.005511
    2    0.005331
    2    0.005052
    3    0.005151
    6    0.005564
    2    0.005134
    8    0.006069
    6    0.005644
    4    0.005280
    7    0.005657
    5    0.005504
    3    0.005274
    2    0.005218
    7    0.005803
    3    0.005072
    5    0.005376
    3    0.005162
    6    0.005694
    6    0.005896
    3    0.005246
    9    0.006088
    3    0.005227
    4    0.005328
    3    0.005195
    6    0.005513
    6    0.005587
    7    0.005750
    4    0.005341
    7    0.005736
    3    0.005322
    6    0.005775
    4    0.005210
    3    0.005242
    3    0.005195
    6    0.005491
    8    0.005852
    3    0.005385
    2    0.005013
    2    0.004977
    5    0.005434
    2    0.005519
    7    0.005776
    7    0.005799
    6    0.005502
    6    0.005630
    6    0.005513
    3    0.005431
    6    0.005688
    6    0.005622
    6    0.005534
    7    0.005570
    7    0.006006
    2    0.005338
    7    0.006074
    5    0.005289
    3    0.005190
    5    0.005768
    2    0.005136
    3    0.005320
    5    0.005367
    3    0.005490
    4    0.005056
    3    0.005179
    6    0.005544
    5    0.005648
    2    0.005091
    5    0.005547
    5    0.005426
    2    0.005529
    5    0.005554
    6    0.005466
    4    0.005309
    5    0.005482
    5    0.005440
    6    0.005512
    5    0.005501
    5    0.005286
    3    0.005251
    2    0.004968
    5    0.005870
    6    0.005521
    5    0.005611
    5    0.005456
    7    0.005586
    7    0.005622
    6    0.005403
    5    0.005522
    5    0.005427
    2    0.005241
    4    0.005618
    5    0.005581
    3    0.005179
    6    0.005527
    6    0.005508
    5    0.005434
    5    0.005514
    6    0.005428
    3    0.005085
    5    0.005514
    5    0.005774
    6    0.005578
    6    0.005405
    3    0.005322
    6    0.006370
    3    0.005400
    3    0.005201
    5    0.005307
    5    0.005516
    7    0.005832
    3    0.005300
    5    0.005502
    5    0.005537
    6    0.005553
    5    0.005686
    5    0.005318
    4    0.005418
    5    0.005357
    3    0.005146
    2    0.005047
    4    0.005516
    4    0.005404
    5    0.005485
    2    0.005137
    4    0.005323
    3    0.005048
    5    0.005505
    3    0.005706
    6    0.005618
    2    0.005096
    2    0.005111
    5    0.005643
    4    0.005279
    2    0.005217
    2    0.005216
    3    0.005448
    3    0.005199
    4    0.005335
    2    0.005011
    4    0.005638
    4    0.005336
    4    0.005687
    2    0.005198
    4    0.005406
    4    0.005409
    4    0.005354
    3    0.005385
    2    0.005130
    4    0.005477
    4    0.005165
    5    0.005621
    4    0.005673
    5    0.005317
    4    0.005194
    3    0.005054
    4    0.005369
    4    0.005207
    4    0.005449
    4    0.005289
    4    0.005508
    5    0.005371
    5    0.005393
    4    0.005296
    5    0.005668
    4    0.005485
    2    0.005298
    4    0.005298
    2    0.005213
    4    0.005250
    4    0.005228
    4    0.005206
    4    0.005766
    4    0.005580
    4    0.005288
    5    0.005534
    2    0.005124
    2    0.005086
    4    0.005273
    4    0.005259
    5    0.005207
    4    0.005538
    6    0.005554
    4    0.005217
    4    0.005241
    3    0.005420
    3    0.005191
    2    0.005142
    5    0.005444
    4    0.005442
    5    0.005306
    4    0.005323
    3    0.005182
    5    0.005623
    4    0.005309
    3    0.005250
    2    0.005200
    4    0.005578
    3    0.005167
    3    0.005374
    3    0.005226
    4    0.005602
    4    0.005282
    3    0.005144
    3    0.005484
    3    0.005108
    3    0.005406
    3    0.005074
    3    0.005267
    2    0.005079
    5    0.005606
    3    0.005106
    3    0.005197
    3    0.005209
    2    0.005125
    3    0.005299
    4    0.005604
    2    0.005047
    2    0.005514
    2    0.005284
    4    0.005137
    3    0.005181
    3    0.005107
    2    0.005546
    2    0.005067
    3    0.005052
    4    0.005287
    3    0.005261
    3    0.005158
    3    0.005310
    2    0.005342
    3    0.005206
    3    0.005294
    2    0.005010
    3    0.005348
    3    0.005324
    3    0.005132
    4    0.005494
    3    0.005394
    3    0.005190
    2    0.005182
    4    0.005377
    3    0.005431
    4    0.005285
    3    0.005234
    2    0.005429
    3    0.005509
    2    0.005194
    3    0.005592
    3    0.005308
    4    0.005436
    4    0.005340
    3    0.005161
    2    0.005159
    2    0.005134
    2    0.005100
    2    0.005116
    2    0.005152
    2    0.005452
    2    0.005014
    2    0.005073
    2    0.005010
    3    0.005442
    2    0.005156
    2    0.005008
    2    0.005014
    2    0.005427
    2    0.005281
    2    0.005482
    2    0.005326
    2    0.005246
    2    0.005049
    4    0.005291
    2    0.005302
    2    0.005271
    2    0.005498
    3    0.005483
    2    0.005249
    2    0.005090
    2    0.005042
    2    0.005038
    2    0.005073
    2    0.005135
    2    0.005214
    2    0.005165
    3    0.005197
    2    0.005138
    2    0.005112
    2    0.005064
    2    0.005133
    2    0.005133
    2    0.005038
    2    0.005015
    2    0.004987
    2    0.005247
    2    0.005203
    2    0.005172
    2    0.005099
    2    0.005252
    2    0.005421
    2    0.005294
    3    0.005506
    3    0.005397
    2    0.004939
    2    0.005059
    2    0.004783
    3    0.005088
    2    0.005469
    2    0.005107
    2    0.005230
    2    0.005291
    2    0.004945
    2    0.005079
    2    0.004966
    2    0.005059
    2    0.005076
    2    0.005206
    2    0.005245
